<?xml version="1.0" encoding="UTF-8"?>
<!-- Generated by org.testng.reporters.JUnitXMLReporter -->
<testsuite ignored="0" hostname="DESKTOP-P6J6LUM" failures="0" tests="5" name="Test3" time="19.947" errors="0" timestamp="2023-11-01T15:53:02 IST">
  <testcase classname="TESTNG.Crossbrowser" name="printTitle" time="0.011"/>
  <testcase classname="TESTNG.Crossbrowser" name="printURL" time="0.032"/>
  <testcase classname="TESTNG.Crossbrowser" name="printLinksCount" time="0.087"/>
  <testcase classname="TESTNG.Crossbrowser" name="printLinks" time="1.163"/>
  <testcase classname="TESTNG.Crossbrowser" name="verifyLogin" time="0.63"/>
</testsuite> <!-- Test3 -->
