<?xml version="1.0" encoding="UTF-8"?>
<!-- Generated by org.testng.reporters.JUnitXMLReporter -->
<testsuite ignored="0" hostname="DESKTOP-P6J6LUM" failures="0" tests="4" name="Test" time="0.165" errors="0" timestamp="2023-11-01T15:55:29 IST">
  <testcase classname="TESTNG.BASIC" name="a" time="0.023"/>
  <testcase classname="TESTNG.BASIC" name="f" time="0.007"/>
  <testcase classname="TESTNG.BASIC" name="F" time="0.007"/>
  <testcase classname="TESTNG.Allannotations" name="f" time="0.09"/>
</testsuite> <!-- Test -->
