<?xml version="1.0" encoding="UTF-8"?>
<!-- Generated by org.testng.reporters.JUnitXMLReporter -->
<testsuite ignored="0" hostname="DESKTOP-P6J6LUM" failures="0" tests="5" name="Test2" time="20.982" errors="0" timestamp="2023-11-01T15:53:03 IST">
  <testcase classname="TESTNG.Crossbrowser" name="printTitle" time="3.05"/>
  <testcase classname="TESTNG.Crossbrowser" name="printURL" time="0.094"/>
  <testcase classname="TESTNG.Crossbrowser" name="printLinksCount" time="1.426"/>
  <testcase classname="TESTNG.Crossbrowser" name="printLinks" time="3.528"/>
  <testcase classname="TESTNG.Crossbrowser" name="verifyLogin" time="0.524"/>
</testsuite> <!-- Test2 -->
