<?xml version="1.0" encoding="UTF-8"?>
<testng-results ignored="0" total="4" passed="4" failed="0" skipped="0">
  <reporter-output>
  </reporter-output>
  <suite started-at="2023-11-01T15:55:29 IST" name="Suite" finished-at="2023-11-01T15:55:29 IST" duration-ms="165">
    <groups>
    </groups>
    <test started-at="2023-11-01T15:55:29 IST" name="Test" finished-at="2023-11-01T15:55:29 IST" duration-ms="165">
      <class name="TESTNG.Allannotations">
        <test-method is-config="true" signature="beforeSuite()[pri:0, instance:TESTNG.Allannotations@222545dc]" started-at="2023-11-01T15:55:29 IST" name="beforeSuite" finished-at="2023-11-01T15:55:29 IST" duration-ms="17" status="PASS">
          <reporter-output>
          </reporter-output>
        </test-method> <!-- beforeSuite -->
        <test-method is-config="true" signature="beforeTest()[pri:0, instance:TESTNG.Allannotations@222545dc]" started-at="2023-11-01T15:55:29 IST" name="beforeTest" finished-at="2023-11-01T15:55:29 IST" duration-ms="0" status="PASS">
          <reporter-output>
          </reporter-output>
        </test-method> <!-- beforeTest -->
        <test-method is-config="true" signature="beforeClass()[pri:0, instance:TESTNG.Allannotations@222545dc]" started-at="2023-11-01T15:55:29 IST" name="beforeClass" finished-at="2023-11-01T15:55:29 IST" duration-ms="1" status="PASS">
          <reporter-output>
          </reporter-output>
        </test-method> <!-- beforeClass -->
        <test-method is-config="true" signature="beforeMethod()[pri:0, instance:TESTNG.Allannotations@222545dc]" started-at="2023-11-01T15:55:29 IST" name="beforeMethod" finished-at="2023-11-01T15:55:29 IST" duration-ms="1" status="PASS">
          <reporter-output>
          </reporter-output>
        </test-method> <!-- beforeMethod -->
        <test-method signature="f()[pri:0, instance:TESTNG.Allannotations@222545dc]" started-at="2023-11-01T15:55:29 IST" name="f" finished-at="2023-11-01T15:55:29 IST" duration-ms="90" status="PASS">
          <reporter-output>
          </reporter-output>
        </test-method> <!-- f -->
        <test-method is-config="true" signature="afterMethod()[pri:0, instance:TESTNG.Allannotations@222545dc]" started-at="2023-11-01T15:55:29 IST" name="afterMethod" finished-at="2023-11-01T15:55:29 IST" duration-ms="1" status="PASS">
          <reporter-output>
          </reporter-output>
        </test-method> <!-- afterMethod -->
        <test-method is-config="true" signature="afterClass()[pri:0, instance:TESTNG.Allannotations@222545dc]" started-at="2023-11-01T15:55:29 IST" name="afterClass" finished-at="2023-11-01T15:55:29 IST" duration-ms="1" status="PASS">
          <reporter-output>
          </reporter-output>
        </test-method> <!-- afterClass -->
        <test-method is-config="true" signature="afterTest()[pri:0, instance:TESTNG.Allannotations@222545dc]" started-at="2023-11-01T15:55:29 IST" name="afterTest" finished-at="2023-11-01T15:55:29 IST" duration-ms="0" status="PASS">
          <reporter-output>
          </reporter-output>
        </test-method> <!-- afterTest -->
        <test-method is-config="true" signature="afterSuite()[pri:0, instance:TESTNG.Allannotations@222545dc]" started-at="2023-11-01T15:55:29 IST" name="afterSuite" finished-at="2023-11-01T15:55:29 IST" duration-ms="3" status="PASS">
          <reporter-output>
          </reporter-output>
        </test-method> <!-- afterSuite -->
      </class> <!-- TESTNG.Allannotations -->
      <class name="TESTNG.BASIC">
        <test-method signature="a()[pri:0, instance:TESTNG.BASIC@478190fc]" started-at="2023-11-01T15:55:29 IST" name="a" finished-at="2023-11-01T15:55:29 IST" duration-ms="23" status="PASS">
          <reporter-output>
          </reporter-output>
        </test-method> <!-- a -->
        <test-method signature="f()[pri:0, instance:TESTNG.BASIC@478190fc]" started-at="2023-11-01T15:55:29 IST" name="f" finished-at="2023-11-01T15:55:29 IST" duration-ms="7" status="PASS">
          <reporter-output>
          </reporter-output>
        </test-method> <!-- f -->
        <test-method signature="F()[pri:1, instance:TESTNG.BASIC@478190fc]" started-at="2023-11-01T15:55:29 IST" name="F" finished-at="2023-11-01T15:55:29 IST" duration-ms="7" status="PASS">
          <reporter-output>
          </reporter-output>
        </test-method> <!-- F -->
      </class> <!-- TESTNG.BASIC -->
    </test> <!-- Test -->
  </suite> <!-- Suite -->
</testng-results>
