<?xml version="1.0" encoding="UTF-8"?>
<!-- Generated by org.testng.reporters.JUnitXMLReporter -->
<testsuite ignored="0" hostname="DESKTOP-P6J6LUM" failures="0" tests="5" name="Default test" time="0.111" errors="0" timestamp="2023-10-28T13:21:17 IST">
  <testcase classname="TESTNG.Parallel" name="m1" time="0.026"/>
  <testcase classname="TESTNG.Parallel" name="m2" time="0.003"/>
  <testcase classname="TESTNG.Parallel" name="m3" time="0.002"/>
  <testcase classname="TESTNG.Parallel" name="m4" time="0.002"/>
  <testcase classname="TESTNG.Parallel" name="m5" time="0.001"/>
</testsuite> <!-- Default test -->
